[2025-11-23T15:40:19.638Z] [FATAL] Unhandled promise rejection
  Error: Cannot read properties of undefined (reading 'log')
  Stack: TypeError: Cannot read properties of undefined (reading 'log')
    at main (file:///E:/TermoSlack/src/main.js:77:6)
    at file:///E:/TermoSlack/src/main.js:273:1
    at ModuleJob.run (node:internal/modules/esm/module_job:271:25)
    at async onImport.tracePromise.__proto__ (node:internal/modules/esm/loader:578:26)
    at async asyncRunEntryPointWithESMLoader (node:internal/modules/run_main:116:5)
[2025-11-23T15:45:13.401Z] [INFO] TermoSlack starting...
[2025-11-23T15:45:13.403Z] [INFO] Runtime directory: E:\TermoSlack\src
[2025-11-23T15:45:13.410Z] [INFO] Found 1 saved session(s)
[2025-11-23T15:45:13.411Z] [INFO] Attempting to restore session
[2025-11-23T15:45:13.414Z] [INFO] Loading user channels and DMs
[2025-11-23T15:45:15.238Z] [ERROR] Failed to load channels
  Error: Cannot read properties of undefined (reading 'setLabel')
  Stack: TypeError: Cannot read properties of undefined (reading 'setLabel')
    at updateView (file:///E:/TermoSlack/src/ui.js:402:17)
    at setChannels (file:///E:/TermoSlack/src/ui.js:424:3)
    at loadUserChannels (file:///E:/TermoSlack/src/main.js:140:9)
    at process.processTicksAndRejections (node:internal/process/task_queues:105:5)
    at async main (file:///E:/TermoSlack/src/main.js:88:9)
[2025-11-23T15:45:15.239Z] [INFO] Session restored, starting UI
[2025-11-23T15:46:07.743Z] [INFO] TermoSlack starting...
[2025-11-23T15:46:07.744Z] [INFO] Runtime directory: E:\TermoSlack\src
[2025-11-23T15:46:07.833Z] [INFO] Found 1 saved session(s)
[2025-11-23T15:46:07.835Z] [INFO] Attempting to restore session
[2025-11-23T15:46:07.840Z] [INFO] Loading user channels and DMs
[2025-11-23T15:46:10.284Z] [INFO] Loaded 449 channels/DMs
[2025-11-23T15:46:10.285Z] [INFO] Session restored and channels loaded
[2025-11-23T15:46:11.016Z] [INFO] Switched to channel acon-yaps (C075233ADD3)
[2025-11-23T15:46:16.868Z] [INFO] Switched to channel adhyys-backyard (C03QPB0SU3V)
[2025-11-23T15:46:17.305Z] [INFO] Switched to channel alleyway (C0266FRGT)
[2025-11-23T15:46:17.443Z] [INFO] Switched to channel amas (C0266FRGT)
[2025-11-23T15:46:17.454Z] [INFO] Switched to channel alex-containment-chamber (C0266FRGT)
[2025-11-23T15:46:17.774Z] [INFO] Switched to channel announcements (C03QPB0SU3V)
[2025-11-23T15:46:18.104Z] [INFO] Switched to channel amas (C03QPB0SU3V)
[2025-11-23T15:46:21.735Z] [INFO] Switched to channel announcements (C0266FRGT)
[2025-11-23T15:46:22.884Z] [INFO] Switched to channel amas (C03QPB0SU3V)
[2025-11-23T15:46:24.117Z] [INFO] Switched to channel alleyway (C09EQ4YNPM2)
[2025-11-23T15:46:28.889Z] [INFO] Switched to channel amas (C09EF889S8J)
[2025-11-23T15:46:29.254Z] [INFO] Switched to channel announcements (C099P9FQQ91)
[2025-11-23T15:46:29.335Z] [INFO] Switched to channel artem-life (C09GSTH65B7)
[2025-11-23T15:46:29.478Z] [INFO] Switched to channel ask-the-fraud-team (C09GSTH65B7)
[2025-11-23T15:46:29.658Z] [INFO] Switched to channel ask-the-shipwrights (C08KVAXUKK3)
[2025-11-23T15:46:29.931Z] [INFO] Switched to channel ask-the-stonemasons (C08KV16A0Q5)
[2025-11-23T15:46:30.295Z] [INFO] Switched to channel blend (C08KV16A0Q5)
[2025-11-23T15:46:30.360Z] [INFO] Switched to channel blend-pvt (C08KV16A0Q5)
[2025-11-23T15:46:38.147Z] [INFO] Switched to channel blueprint (C083S537USC)
[2025-11-23T15:46:47.528Z] [INFO] Switched to channel blend-pvt (C09EF889S8J)
[2025-11-23T15:46:47.775Z] [INFO] Switched to channel blend (C08TVL24DJP)
[2025-11-23T15:46:48.010Z] [INFO] Switched to channel ask-the-shipwrights (C08TVL24DJP)
[2025-11-23T15:46:48.051Z] [INFO] Switched to channel ask-the-stonemasons (C08TVL24DJP)
[2025-11-23T15:46:48.249Z] [INFO] Switched to channel ask-the-fraud-team (C08TVL24DJP)
[2025-11-23T15:46:54.046Z] [INFO] Switched to channel announcements (C09GSTH65B7)
[2025-11-23T15:46:57.450Z] [INFO] Switched to channel artem-life (C09GSTH65B7)
[2025-11-23T15:46:57.659Z] [INFO] Switched to channel ask-the-fraud-team (C09GSTH65B7)
[2025-11-23T15:46:57.816Z] [INFO] Switched to channel ask-the-stonemasons (C09GSTH65B7)
[2025-11-23T15:46:57.980Z] [INFO] Switched to channel ask-the-shipwrights (C09GSTH65B7)
[2025-11-23T15:46:58.993Z] [INFO] Switched to channel amas (C09GSTH65B7)
[2025-11-23T15:46:59.088Z] [INFO] Switched to channel artem-life (C09GSTH65B7)
[2025-11-23T15:47:05.723Z] [INFO] TermoSlack starting...
[2025-11-23T15:47:05.725Z] [INFO] Runtime directory: E:\TermoSlack\src
[2025-11-23T15:47:05.796Z] [INFO] Found 1 saved session(s)
[2025-11-23T15:47:05.797Z] [INFO] Attempting to restore session
[2025-11-23T15:47:05.801Z] [INFO] Loading user channels and DMs
[2025-11-23T15:47:07.510Z] [INFO] Switched to channel announcements (C09GSTH65B7)
[2025-11-23T15:47:56.000Z] [INFO] TermoSlack starting...
[2025-11-23T15:47:56.002Z] [INFO] Runtime directory: E:\TermoSlack\src
[2025-11-23T15:47:56.058Z] [INFO] Found 1 saved session(s)
[2025-11-23T15:47:56.058Z] [INFO] Attempting to restore session
[2025-11-23T15:47:56.062Z] [INFO] Loading user channels and DMs
[2025-11-23T15:47:56.805Z] [INFO] Loaded 449 channels/DMs
[2025-11-23T15:47:56.806Z] [INFO] Session restored and channels loaded
[2025-11-23T15:47:57.570Z] [INFO] Switched to channel acon-yaps (C075233ADD3)
[2025-11-23T15:49:38.420Z] [INFO] Switched to channel adhyys-backyard (C099PKTR8Q4)
[2025-11-23T15:49:45.159Z] [INFO] Switched to channel alex-containment-chamber (C0799LEA75X)
[2025-11-23T15:52:18.124Z] [INFO] TermoSlack starting...
[2025-11-23T15:52:18.125Z] [INFO] Runtime directory: E:\TermoSlack\src
[2025-11-23T15:52:18.189Z] [INFO] Found 1 saved session(s)
[2025-11-23T15:52:18.190Z] [INFO] Attempting to restore session
[2025-11-23T15:52:18.194Z] [INFO] Loading user channels and DMs
[2025-11-23T15:52:18.918Z] [INFO] Loaded 449 channels/DMs
[2025-11-23T15:52:18.919Z] [INFO] Session restored and channels loaded
[2025-11-23T15:52:35.491Z] [INFO] Switched to channel mpdm-anish_anne--rushilchopra123--tstubblefield487--adhdhyan.jain-1 (C08KHRSC754)
[2025-11-23T15:52:54.392Z] [INFO] Switched to channel U01581HFAGZ (D08PG7Z8J1J)
[2025-11-23T15:57:09.259Z] [INFO] Switched to channel U01G0Q9K998 (D0981CUA7FE)
[2025-11-23T15:57:12.124Z] [INFO] Switched to channel U01G0Q9K998 (D0981CUA7FE)
[2025-11-23T15:58:12.857Z] [INFO] TermoSlack starting...
[2025-11-23T15:58:12.859Z] [INFO] Runtime directory: E:\TermoSlack\src
[2025-11-23T15:58:12.922Z] [INFO] Found 1 saved session(s)
[2025-11-23T15:58:12.923Z] [INFO] Attempting to restore session
[2025-11-23T15:58:12.926Z] [INFO] Loading user channels and DMs
[2025-11-23T15:59:36.830Z] [INFO] TermoSlack starting...
[2025-11-23T15:59:36.831Z] [INFO] Runtime directory: E:\TermoSlack\src
[2025-11-23T15:59:36.891Z] [INFO] Found 1 saved session(s)
[2025-11-23T15:59:36.892Z] [INFO] Attempting to restore session
[2025-11-23T15:59:36.895Z] [INFO] Loading user channels and DMs
[2025-11-23T16:02:06.709Z] [INFO] TermoSlack starting...
[2025-11-23T16:02:06.710Z] [INFO] Runtime directory: E:\TermoSlack\src
[2025-11-23T16:02:06.785Z] [INFO] Found 1 saved session(s)
[2025-11-23T16:02:06.786Z] [INFO] Attempting to restore session
[2025-11-23T16:02:06.790Z] [INFO] Loading user channels and DMs
[2025-11-23T16:14:54.801Z] [INFO] TermoSlack starting...
[2025-11-23T16:14:54.802Z] [INFO] Runtime directory: E:\TermoSlack\src
[2025-11-23T16:14:54.878Z] [INFO] Found 1 saved session(s)
[2025-11-23T16:14:54.879Z] [INFO] Attempting to restore session
[2025-11-23T16:14:54.882Z] [INFO] Loading user channels and DMs
[2025-11-23T16:15:33.380Z] [INFO] Loaded 449 channels/DMs
[2025-11-23T16:15:33.381Z] [INFO] Session restored and channels loaded
[2025-11-23T16:29:14.988Z] [INFO] TermoSlack starting...
[2025-11-23T16:29:14.990Z] [INFO] Runtime directory: E:\TermoSlack\src
[2025-11-23T16:29:15.102Z] [INFO] Found 1 saved session(s)
[2025-11-23T16:29:15.103Z] [INFO] Attempting to restore session
[2025-11-23T16:29:15.108Z] [INFO] Loading user channels and DMs
[2025-11-23T16:31:00.996Z] [INFO] TermoSlack starting...
[2025-11-23T16:31:00.997Z] [INFO] Runtime directory: E:\TermoSlack\src
[2025-11-23T16:31:01.058Z] [INFO] Found 1 saved session(s)
[2025-11-23T16:31:01.059Z] [INFO] Attempting to restore session
[2025-11-23T16:31:01.062Z] [INFO] Loading user channels and DMs
[2025-11-23T16:33:34.847Z] [INFO] TermoSlack starting...
[2025-11-23T16:33:34.848Z] [INFO] Runtime directory: E:\TermoSlack\src
[2025-11-23T16:33:34.917Z] [INFO] Found 1 saved session(s)
[2025-11-23T16:33:34.918Z] [INFO] Attempting to restore session
[2025-11-23T16:33:34.922Z] [INFO] Loading channels
[2025-11-23T16:33:35.616Z] [INFO] Loaded 449 channels/DMs
[2025-11-23T16:33:35.627Z] [INFO] Session restored and channels loaded
[2025-11-23T16:33:44.655Z] [INFO] Switched to channel adhyys-backyard (C099PKTR8Q4)
[2025-11-23T16:33:48.966Z] [INFO] Switched to channel adhyys-backyard (C099PKTR8Q4)
[2025-11-23T16:33:51.955Z] [INFO] Switched to channel alleyway (C09EQ4YNPM2)
[2025-11-23T16:33:58.832Z] [INFO] Switched to channel alex-containment-chamber (C0799LEA75X)
[2025-11-23T16:34:14.380Z] [INFO] DM user names loaded
[2025-11-23T16:34:41.234Z] [INFO] Switched to channel Amber (D0920KY5TPT)
[2025-11-23T16:34:41.311Z] [INFO] Switched to channel Amber (D0920KY5TPT)
[2025-11-23T16:37:32.035Z] [INFO] TermoSlack starting...
[2025-11-23T16:37:32.036Z] [INFO] Runtime directory: E:\TermoSlack\src
[2025-11-23T16:37:32.102Z] [INFO] Found 1 saved session(s)
[2025-11-23T16:37:32.103Z] [INFO] Attempting to restore session
[2025-11-23T16:37:32.107Z] [INFO] Loading channels
[2025-11-23T16:37:32.831Z] [INFO] Loaded 155 channels/DMs
[2025-11-23T16:37:32.838Z] [INFO] Session restored and channels loaded
[2025-11-23T16:40:27.542Z] [INFO] TermoSlack starting...
[2025-11-23T16:40:27.545Z] [INFO] Runtime directory: E:\TermoSlack\src
[2025-11-23T16:40:27.624Z] [INFO] Found 1 saved session(s)
[2025-11-23T16:40:27.625Z] [INFO] Attempting to restore session
[2025-11-23T16:40:27.629Z] [INFO] Loading channels
[2025-11-23T16:40:28.292Z] [INFO] Loaded 155 channels/DMs
[2025-11-23T16:40:28.300Z] [INFO] Session restored and channels loaded
[2025-11-23T16:41:08.646Z] [INFO] DM user names loaded
[2025-11-23T16:46:10.092Z] [INFO] TermoSlack starting...
[2025-11-23T16:46:10.095Z] [INFO] Runtime directory: E:\TermoSlack\src
[2025-11-23T16:46:10.204Z] [INFO] Found 1 saved session(s)
[2025-11-23T16:46:10.205Z] [INFO] Attempting to restore session
[2025-11-23T16:46:10.210Z] [INFO] Loading channels
[2025-11-23T16:46:10.861Z] [INFO] Loaded 155 channels/DMs
[2025-11-23T16:46:10.869Z] [INFO] Session restored and channels loaded
[2025-11-23T16:46:21.940Z] [INFO] Switched to channel fuck (CV2SCDUHG)
[2025-11-23T16:46:37.343Z] [INFO] Message sent to channel CV2SCDUHG
[2025-11-23T16:46:54.259Z] [INFO] DM user names loaded
[2025-11-23T16:48:00.935Z] [INFO] TermoSlack starting...
[2025-11-23T16:48:00.936Z] [INFO] Runtime directory: E:\TermoSlack\src
[2025-11-23T16:48:00.997Z] [INFO] Found 1 saved session(s)
[2025-11-23T16:48:00.998Z] [INFO] Attempting to restore session
[2025-11-23T16:48:01.002Z] [INFO] Loading channels
[2025-11-23T16:48:01.701Z] [INFO] Loaded 155 channels/DMs
[2025-11-23T16:48:01.708Z] [INFO] Session restored and channels loaded
[2025-11-23T16:48:43.696Z] [INFO] DM user names loaded
[2025-11-23T16:50:18.316Z] [INFO] TermoSlack starting...
[2025-11-23T16:50:18.317Z] [INFO] Runtime directory: E:\TermoSlack\src
[2025-11-23T16:50:18.380Z] [INFO] Found 1 saved session(s)
[2025-11-23T16:50:18.381Z] [INFO] Attempting to restore session
[2025-11-23T16:50:18.384Z] [INFO] Loading channels
[2025-11-23T16:50:19.065Z] [INFO] Loaded 172 channels/DMs
[2025-11-23T16:50:19.065Z] [INFO] Session restored and channels loaded
[2025-11-23T16:52:41.307Z] [INFO] TermoSlack starting...
[2025-11-23T16:52:41.308Z] [INFO] Runtime directory: E:\TermoSlack\src
[2025-11-23T16:52:41.378Z] [INFO] Found 1 saved session(s)
[2025-11-23T16:52:41.379Z] [INFO] Attempting to restore session
[2025-11-23T16:52:41.383Z] [INFO] Loading channels
[2025-11-23T16:52:42.137Z] [INFO] Loaded 172 channels/DMs
[2025-11-23T16:52:42.146Z] [INFO] Session restored and channels loaded
[2025-11-23T16:52:45.106Z] [INFO] DM user names loaded
[2025-11-23T16:55:30.862Z] [INFO] TermoSlack starting...
[2025-11-23T16:55:30.863Z] [INFO] Runtime directory: E:\TermoSlack\src
[2025-11-23T16:55:30.925Z] [INFO] Found 1 saved session(s)
[2025-11-23T16:55:30.925Z] [INFO] Attempting to restore session
[2025-11-23T16:55:30.929Z] [INFO] Loading channels
[2025-11-23T16:55:31.584Z] [INFO] Found 294 DMs, showing top 25 recent
[2025-11-23T16:55:31.636Z] [INFO] Loaded 172 channels/DMs
[2025-11-23T16:55:31.641Z] [INFO] Session restored and channels loaded
[2025-11-23T16:55:34.576Z] [INFO] DM user names loaded
[2025-11-23T16:55:47.764Z] [INFO] Switched to channel applePerson (D09R29FAA8P)
[2025-11-23T16:55:51.745Z] [INFO] Switched to channel Orpheus Claus (D09TBGQ4Y22)
[2025-11-23T16:55:53.718Z] [INFO] Switched to channel Flavorpheus (D09RH7KLXTL)
[2025-11-23T16:55:54.802Z] [INFO] Switched to channel felix (D09T41BRGLE)
[2025-11-23T16:55:57.516Z] [INFO] Switched to channel Alex Van Doren (D09PK3KNXGR)
[2025-11-23T17:27:39.075Z] [INFO] TermoSlack starting...
[2025-11-23T17:27:39.076Z] [INFO] Runtime directory: E:\TermoSlack\src
[2025-11-23T17:27:39.131Z] [INFO] Found 1 saved session(s)
[2025-11-23T17:27:39.132Z] [INFO] Attempting to restore session
[2025-11-23T17:27:39.135Z] [INFO] Loading channels
[2025-11-23T17:27:39.790Z] [INFO] Found 294 DMs, showing top 25 recent
[2025-11-23T17:27:39.858Z] [INFO] Loaded 172 channels/DMs
[2025-11-23T17:27:39.864Z] [INFO] Session restored and channels loaded
[2025-11-23T17:27:42.815Z] [INFO] DM user names loaded
[2025-11-23T17:29:57.623Z] [INFO] TermoSlack starting...
[2025-11-23T17:29:57.624Z] [INFO] Runtime directory: E:\TermoSlack\src
[2025-11-23T17:29:57.686Z] [INFO] Found 1 saved session(s)
[2025-11-23T17:29:57.687Z] [INFO] Attempting to restore session
[2025-11-23T17:29:57.690Z] [INFO] Loading channels
[2025-11-23T17:29:58.317Z] [INFO] Found 294 DMs, showing top 25 recent
[2025-11-23T17:29:58.363Z] [INFO] Loaded 172 channels/DMs
[2025-11-23T17:29:58.369Z] [INFO] Session restored and channels loaded
[2025-11-23T17:30:01.346Z] [INFO] DM user names loaded
[2025-11-23T17:30:19.944Z] [INFO] Switched to channel gork (D09QAM4JPE3)
[2025-11-23T17:30:24.401Z] [INFO] Switched to channel aram (D09UBM2QPNU)
[2025-11-23T17:30:26.580Z] [INFO] Switched to channel money laundering manager (D09UNLSFSNM)
[2025-11-23T17:30:27.799Z] [INFO] Switched to channel money laundering manager (D09UNLSFSNM)
[2025-11-23T17:30:29.548Z] [INFO] Switched to channel money laundering manager (D09UNLSFSNM)
[2025-11-24T17:03:32.517Z] [INFO] TermoSlack starting...
[2025-11-24T17:03:32.524Z] [INFO] Runtime directory: E:\TermoSlack\src
[2025-11-24T17:03:32.594Z] [INFO] Found 1 saved session(s)
[2025-11-24T17:03:32.596Z] [INFO] Attempting to restore session
[2025-11-24T17:03:32.600Z] [INFO] Loading channels
[2025-11-24T17:03:33.068Z] [ERROR] Failed to load channels
  Error: An API error occurred: org_login_required
  Stack: Error: An API error occurred: org_login_required
    at platformErrorFromResult (E:\TermoSlack\node_modules\@slack\web-api\dist\errors.js:67:33)
    at WebClient.<anonymous> (E:\TermoSlack\node_modules\@slack\web-api\dist\WebClient.js:242:60)
    at Generator.next (<anonymous>)
    at fulfilled (E:\TermoSlack\node_modules\@slack\web-api\dist\WebClient.js:38:58)
    at process.processTicksAndRejections (node:internal/process/task_queues:105:5)
[2025-11-24T17:03:33.069Z] [INFO] Session restored and channels loaded
[2025-11-26T12:43:35.739Z] [INFO] TermoSlack starting...
[2025-11-26T12:43:35.741Z] [INFO] Runtime directory: E:\TermoSlack\src
[2025-11-26T12:43:35.807Z] [INFO] Found 1 saved session(s)
[2025-11-26T12:43:35.808Z] [INFO] Attempting to restore session
[2025-11-26T12:43:35.811Z] [INFO] Loading channels
[2025-11-26T12:43:36.659Z] [INFO] Found 296 DMs, showing top 25 recent
[2025-11-26T12:43:36.716Z] [INFO] Loaded 172 channels/DMs
[2025-11-26T12:43:36.723Z] [INFO] Session restored and channels loaded
[2025-11-26T12:43:39.902Z] [INFO] DM user names loaded
[2025-11-26T12:43:45.777Z] [INFO] Switched to channel alex-containment-chamber (C0799LEA75X)
[2025-11-26T12:43:53.176Z] [INFO] Switched to channel campfire (C09PXLPEL2Y)
[2025-11-26T12:44:04.727Z] [INFO] Message sent to channel C09PXLPEL2Y
[2025-11-26T12:44:05.770Z] [INFO] Switched to channel campfire (C09PXLPEL2Y)
[2025-11-26T15:42:00.061Z] [INFO] Created image cache directory 
[2025-11-26T15:42:00.380Z] [INFO] TermoSlack starting...
[2025-11-26T15:42:00.380Z] [INFO] Runtime directory: E:\TermoSlack\src
[2025-11-26T15:42:00.458Z] [INFO] Found 1 saved session(s)
[2025-11-26T15:42:00.459Z] [INFO] Attempting to restore session
[2025-11-26T15:42:00.463Z] [INFO] Loading channels
[2025-11-26T15:42:01.492Z] [INFO] Found 296 DMs, showing top 25 recent
[2025-11-26T15:42:01.585Z] [INFO] Loaded 172 channels/DMs
[2025-11-26T15:42:01.595Z] [INFO] Session restored and channels loaded
[2025-11-26T15:42:04.690Z] [INFO] DM user names loaded
[2025-11-26T15:42:15.035Z] [INFO] Loaded 20 messages from channel C09EQ4YNPM2
[2025-11-26T15:42:15.091Z] [INFO] Switched to channel alleyway (C09EQ4YNPM2)
[2025-11-26T15:42:15.349Z] [INFO] Loaded 20 messages from channel C09EQ4YNPM2
[2025-11-26T15:42:15.361Z] [INFO] Switched to channel alleyway (C09EQ4YNPM2)
[2025-11-26T15:42:15.408Z] [INFO] Loaded 20 messages from channel C09EQ4YNPM2
[2025-11-26T15:42:15.417Z] [INFO] Switched to channel alleyway (C09EQ4YNPM2)
[2025-11-26T15:42:17.486Z] [INFO] Loaded 20 messages from channel C03QPB0SU3V
[2025-11-26T15:42:17.493Z] [INFO] Switched to channel amas (C03QPB0SU3V)
[2025-11-26T15:42:21.114Z] [INFO] Loaded 20 messages from channel C09EF889S8J
[2025-11-26T15:42:21.121Z] [INFO] Switched to channel ask-the-fraud-team (C09EF889S8J)
[2025-11-26T15:42:35.117Z] [INFO] Loaded 20 messages from channel C09MATJJZ5J
[2025-11-26T15:42:35.125Z] [INFO] Switched to channel flavortown-bulletin (C09MATJJZ5J)
[2025-11-26T17:41:01.982Z] [INFO] TermoSlack starting...
[2025-11-26T17:41:01.988Z] [INFO] Runtime directory: E:\TermoSlack\src
[2025-11-26T17:41:02.067Z] [INFO] Found 1 saved session(s)
[2025-11-26T17:41:02.068Z] [INFO] Attempting to restore session
[2025-11-26T17:41:02.072Z] [INFO] Loading channels
[2025-11-26T17:41:02.862Z] [INFO] Found 296 DMs, showing top 25 recent
[2025-11-26T17:41:02.916Z] [INFO] Loaded 172 channels/DMs
[2025-11-26T17:41:02.924Z] [INFO] Session restored and channels loaded
[2025-11-26T17:41:05.969Z] [INFO] DM user names loaded
[2025-11-26T17:41:18.264Z] [INFO] Loaded 20 messages from channel C0C78SG9L
[2025-11-26T17:41:18.310Z] [INFO] Switched to channel hq (C0C78SG9L)
[2025-11-26T17:41:26.547Z] [INFO] Downloading image: https://files.slack.com/files-pri/T09V59WQY1E-F09VC2J8D1C/image.png
[2025-11-26T17:41:27.912Z] [INFO] Cached image to: 8dbfed0073f510271e34e7a194adf8aa
[2025-11-26T17:42:52.187Z] [INFO] TermoSlack starting...
[2025-11-26T17:42:52.189Z] [INFO] Runtime directory: E:\TermoSlack\src
[2025-11-26T17:42:52.258Z] [INFO] Found 1 saved session(s)
[2025-11-26T17:42:52.259Z] [INFO] Attempting to restore session
[2025-11-26T17:42:52.262Z] [INFO] Loading channels
[2025-11-26T17:42:53.160Z] [INFO] Found 296 DMs, showing top 25 recent
[2025-11-26T17:42:53.207Z] [INFO] Loaded 172 channels/DMs
[2025-11-26T17:42:53.213Z] [INFO] Session restored and channels loaded
[2025-11-26T17:42:56.290Z] [INFO] DM user names loaded
[2025-11-26T17:42:58.917Z] [INFO] Loaded 20 messages from channel C09TH3L18MA
[2025-11-26T17:42:58.931Z] [INFO] Switched to channel campfire-delhi (C09TH3L18MA)
[2025-11-26T17:43:12.708Z] [INFO] Loaded 20 messages from channel C09RG1JG996
[2025-11-26T17:43:12.717Z] [INFO] Switched to channel christmas-ysws (C09RG1JG996)
[2025-11-26T17:43:15.695Z] [INFO] Loaded 20 messages from channel C073DTGENJ2
[2025-11-26T17:43:15.702Z] [INFO] Switched to channel cider (C073DTGENJ2)
[2025-11-26T17:43:21.437Z] [INFO] Loaded 20 messages from channel C05SVRTCDGV
[2025-11-26T17:43:21.445Z] [INFO] Switched to channel hq-engineering (C05SVRTCDGV)
[2025-11-26T17:44:40.624Z] [INFO] TermoSlack starting...
[2025-11-26T17:44:40.634Z] [INFO] Runtime directory: E:\TermoSlack\src
[2025-11-26T17:44:40.698Z] [INFO] Found 1 saved session(s)
[2025-11-26T17:44:40.699Z] [INFO] Attempting to restore session
[2025-11-26T17:44:40.702Z] [INFO] Loading channels
[2025-11-26T17:44:41.492Z] [INFO] Found 296 DMs, showing top 25 recent
[2025-11-26T17:44:41.543Z] [INFO] Loaded 172 channels/DMs
[2025-11-26T17:44:41.549Z] [INFO] Session restored and channels loaded
[2025-11-26T17:44:44.529Z] [INFO] DM user names loaded
[2025-11-26T17:44:48.845Z] [INFO] Loaded 20 messages from channel C09TH3L18MA
[2025-11-26T17:44:48.863Z] [INFO] Switched to channel campfire-delhi (C09TH3L18MA)
[2025-11-26T17:46:55.853Z] [INFO] TermoSlack starting...
[2025-11-26T17:46:55.855Z] [INFO] Runtime directory: E:\TermoSlack\src
[2025-11-26T17:46:55.919Z] [INFO] Found 1 saved session(s)
[2025-11-26T17:46:55.920Z] [INFO] Attempting to restore session
[2025-11-26T17:46:55.923Z] [INFO] Loading channels
[2025-11-26T17:46:57.025Z] [INFO] Found 296 DMs, showing top 25 recent
[2025-11-26T17:46:57.072Z] [INFO] Loaded 172 channels/DMs
[2025-11-26T17:46:57.089Z] [INFO] Session restored and channels loaded
[2025-11-26T17:47:00.124Z] [INFO] Loaded 20 messages from channel C08KV16A0Q5
[2025-11-26T17:47:00.137Z] [INFO] Switched to channel blend-pvt (C08KV16A0Q5)
[2025-11-26T17:47:00.332Z] [INFO] DM user names loaded
[2025-11-26T17:47:03.323Z] [INFO] Loaded 20 messages from channel C09AT8ZHYDV
[2025-11-26T17:47:03.334Z] [INFO] Switched to channel bunbougu-ysws (C09AT8ZHYDV)
[2025-11-26T17:47:12.439Z] [INFO] Loaded 20 messages from channel C01FXNNF6F2
[2025-11-26T17:47:12.446Z] [INFO] Switched to channel zrl-land (C01FXNNF6F2)
[2025-11-26T18:33:39.536Z] [INFO] TermoSlack starting...
[2025-11-26T18:33:39.542Z] [INFO] Runtime directory: E:\TermoSlack\src
[2025-11-26T18:33:39.630Z] [INFO] No saved sessions found
[2025-11-26T18:36:28.588Z] [INFO] TermoSlack starting...
[2025-11-26T18:36:28.593Z] [INFO] Runtime directory: E:\TermoSlack\src
[2025-11-26T18:36:28.599Z] [INFO] No saved sessions found
[2025-11-26T18:37:10.676Z] [INFO] OAuth callback received
[2025-11-26T18:37:10.677Z] [INFO] User authenticated: U082UPTRQU8 in workspace Hack Club
[2025-11-26T18:37:10.680Z] [INFO] Loading channels
[2025-11-26T18:37:11.340Z] [INFO] Found 296 DMs, showing top 25 recent
[2025-11-26T18:37:11.369Z] [INFO] Loaded 172 channels/DMs
[2025-11-26T18:37:11.379Z] [INFO] User authenticated and channels loaded
[2025-11-26T18:37:14.611Z] [INFO] DM user names loaded
[2025-11-26T18:37:17.580Z] [INFO] TermoSlack starting...
[2025-11-26T18:37:17.584Z] [INFO] Runtime directory: E:\TermoSlack\src
[2025-11-26T18:37:17.591Z] [INFO] Found 1 saved session(s)
[2025-11-26T18:37:17.592Z] [INFO] Attempting to restore session
[2025-11-26T18:37:17.659Z] [INFO] Loading channels
[2025-11-26T18:37:18.444Z] [INFO] Found 296 DMs, showing top 25 recent
[2025-11-26T18:37:18.507Z] [INFO] Loaded 172 channels/DMs
[2025-11-26T18:37:18.515Z] [INFO] Session restored and channels loaded
[2025-11-26T18:44:27.664Z] [INFO] OAuth callback received
[2025-11-26T18:44:27.665Z] [INFO] User authenticated: U082UPTRQU8 in workspace Hack Club
[2025-11-26T18:44:27.670Z] [INFO] Loading channels
[2025-11-26T18:44:28.335Z] [INFO] Found 296 DMs, showing top 25 recent
[2025-11-26T18:44:28.373Z] [INFO] Loaded 172 channels/DMs
[2025-11-26T18:44:28.385Z] [INFO] User authenticated and channels loaded
[2025-11-26T18:44:31.872Z] [INFO] DM user names loaded
[2025-11-26T19:39:18.662Z] [INFO] TermoSlack starting...
[2025-11-26T19:39:18.664Z] [INFO] Runtime directory: E:\TermoSlack\src
[2025-11-26T19:39:18.669Z] [INFO] Local server running on port 3000
[2025-11-26T19:39:18.671Z] [FATAL] Unhandled promise rejection
  Error: auth.loginUrl is not a function
  Stack: TypeError: auth.loginUrl is not a function
    at main (file:///E:/TermoSlack/src/main.js:89:46)
    at file:///E:/TermoSlack/src/main.js:264:1
    at ModuleJob.run (node:internal/modules/esm/module_job:271:25)
    at async onImport.tracePromise.__proto__ (node:internal/modules/esm/loader:578:26)
    at async E:\TermoSlack\bootstrap.cjs:28:24
[2025-11-26T19:39:19.167Z] [ERROR] Failed to start ngrok tunnel
  Error: failed to connect session: The authtoken you specified does not look like a proper ngrok authtoken.
Your authtoken: npm install @ngrok/ngrok
Instructions to install your authtoken are on your ngrok dashboard:
https://dashboard.ngrok.com/get-started/your-authtoken error_code: ERR_NGROK_105
  Stack: Error: failed to connect session: The authtoken you specified does not look like a proper ngrok authtoken.
Your authtoken: npm install @ngrok/ngrok
Instructions to install your authtoken are on your ngrok dashboard:
https://dashboard.ngrok.com/get-started/your-authtoken error_code: ERR_NGROK_105
[2025-11-26T19:42:36.205Z] [INFO] TermoSlack starting...
[2025-11-26T19:42:36.207Z] [INFO] Runtime directory: E:\TermoSlack\src
[2025-11-26T19:42:36.210Z] [INFO] No saved sessions found
[2025-11-26T19:42:36.211Z] [INFO] Local server running on port 3000
[2025-11-26T19:42:36.706Z] [ERROR] Failed to start ngrok tunnel
  Error: failed to connect session: The authtoken you specified does not look like a proper ngrok authtoken.
Your authtoken: npm install @ngrok/ngrok
Instructions to install your authtoken are on your ngrok dashboard:
https://dashboard.ngrok.com/get-started/your-authtoken error_code: ERR_NGROK_105
  Stack: Error: failed to connect session: The authtoken you specified does not look like a proper ngrok authtoken.
Your authtoken: npm install @ngrok/ngrok
Instructions to install your authtoken are on your ngrok dashboard:
https://dashboard.ngrok.com/get-started/your-authtoken error_code: ERR_NGROK_105
[2025-11-26T19:45:01.372Z] [INFO] TermoSlack starting...
[2025-11-26T19:45:01.374Z] [INFO] Runtime directory: E:\TermoSlack\src
[2025-11-26T19:45:01.378Z] [INFO] No saved sessions found
[2025-11-26T19:45:01.381Z] [INFO] Local server running on port 3000
[2025-11-26T19:45:02.441Z] [INFO] ngrok tunnel established at https://termoslack.ngrok.app
[2025-11-26T19:46:46.974Z] [INFO] TermoSlack starting...
[2025-11-26T19:46:46.976Z] [INFO] Runtime directory: E:\TermoSlack\src
[2025-11-26T19:46:46.980Z] [INFO] No saved sessions found
[2025-11-26T19:46:46.981Z] [INFO] Local server running on port 3000
[2025-11-26T19:46:47.778Z] [ERROR] Failed to start ngrok tunnel
  Error: failed to start listener: The endpoint 'https://termoslack.ngrok.app' is already online. Either
1. stop your existing endpoint first, or
2. start both endpoints with `--pooling-enabled` to load balance between them. error_code: ERR_NGROK_334
  Stack: Error: failed to start listener: The endpoint 'https://termoslack.ngrok.app' is already online. Either
1. stop your existing endpoint first, or
2. start both endpoints with `--pooling-enabled` to load balance between them. error_code: ERR_NGROK_334
[2025-11-26T19:47:25.825Z] [INFO] TermoSlack starting...
[2025-11-26T19:47:25.827Z] [INFO] Runtime directory: E:\TermoSlack\src
[2025-11-26T19:47:25.831Z] [INFO] No saved sessions found
[2025-11-26T19:47:25.832Z] [INFO] Local server running on port 3000
[2025-11-26T19:47:26.607Z] [INFO] ngrok tunnel established at https://termoslack.ngrok.app
[2025-11-26T19:49:13.474Z] [INFO] TermoSlack starting...
[2025-11-26T19:49:13.475Z] [INFO] Runtime directory: E:\TermoSlack\src
[2025-11-26T19:49:13.479Z] [INFO] No saved sessions found
[2025-11-26T19:49:13.481Z] [INFO] Local server running on port 3000
[2025-11-26T19:49:14.577Z] [INFO] ngrok tunnel established at https://termoslack.ngrok.app
[2025-11-26T19:50:52.388Z] [INFO] TermoSlack starting...
[2025-11-26T19:50:52.389Z] [INFO] Runtime directory: E:\TermoSlack\src
[2025-11-26T19:50:52.394Z] [INFO] No saved sessions found
[2025-11-26T19:50:52.396Z] [INFO] Local server running on port 3000
[2025-11-26T19:50:53.294Z] [ERROR] Failed to start ngrok tunnel
  Error: failed to start listener: The endpoint 'https://termoslack.ngrok.app' is already online. Either
1. stop your existing endpoint first, or
2. start both endpoints with `--pooling-enabled` to load balance between them. error_code: ERR_NGROK_334
  Stack: Error: failed to start listener: The endpoint 'https://termoslack.ngrok.app' is already online. Either
1. stop your existing endpoint first, or
2. start both endpoints with `--pooling-enabled` to load balance between them. error_code: ERR_NGROK_334
[2025-11-26T19:51:28.816Z] [INFO] TermoSlack starting...
[2025-11-26T19:51:28.818Z] [INFO] Runtime directory: E:\TermoSlack\src
[2025-11-26T19:51:28.831Z] [INFO] No saved sessions found
[2025-11-26T19:51:28.833Z] [INFO] Local server running on port 3000
[2025-11-26T19:51:29.653Z] [INFO] ngrok tunnel established at https://termoslack.ngrok.app
[2025-11-26T19:51:30.472Z] [INFO] Redirecting to Slack OAuth
[2025-11-26T19:52:42.720Z] [INFO] TermoSlack starting...
[2025-11-26T19:52:42.721Z] [INFO] Runtime directory: E:\TermoSlack\src
[2025-11-26T19:52:42.727Z] [INFO] No saved sessions found
[2025-11-26T19:52:42.729Z] [INFO] Local server running on port 3000
[2025-11-26T19:52:43.702Z] [INFO] ngrok tunnel established at https://termoslack.ngrok.app
[2025-11-26T19:52:44.674Z] [INFO] Redirecting to Slack OAuth
[2025-11-26T19:54:54.777Z] [INFO] TermoSlack starting...
[2025-11-26T19:54:54.779Z] [INFO] Runtime directory: E:\TermoSlack\src
[2025-11-26T19:54:54.784Z] [INFO] No saved sessions found
[2025-11-26T19:54:54.785Z] [INFO] Local server running on port 3000
[2025-11-26T19:54:55.694Z] [ERROR] Failed to start ngrok tunnel
  Error: failed to start listener: The endpoint 'https://termoslack.ngrok.app' is already online. Either
1. stop your existing endpoint first, or
2. start both endpoints with `--pooling-enabled` to load balance between them. error_code: ERR_NGROK_334
  Stack: Error: failed to start listener: The endpoint 'https://termoslack.ngrok.app' is already online. Either
1. stop your existing endpoint first, or
2. start both endpoints with `--pooling-enabled` to load balance between them. error_code: ERR_NGROK_334
[2025-11-26T19:55:12.967Z] [INFO] TermoSlack starting...
[2025-11-26T19:55:12.969Z] [INFO] Runtime directory: E:\TermoSlack\src
[2025-11-26T19:55:12.975Z] [INFO] No saved sessions found
[2025-11-26T19:55:12.976Z] [INFO] Local server running on port 3000
[2025-11-26T19:55:13.877Z] [INFO] ngrok tunnel established at https://termoslack.ngrok.app
[2025-11-26T19:55:14.619Z] [INFO] Redirecting to Slack OAuth
[2025-11-26T19:55:22.715Z] [INFO] OAuth successful for user U082UPTRQU8
[2025-11-26T19:55:22.717Z] [INFO] OAuth callback received
[2025-11-26T19:55:22.718Z] [ERROR] OAuth success but missing required fields
[2025-11-26T19:55:27.724Z] [INFO] Auth server closed after successful authentication
[2025-11-26T19:55:35.038Z] [INFO] TermoSlack starting...
[2025-11-26T19:55:35.040Z] [INFO] Runtime directory: E:\TermoSlack\src
[2025-11-26T19:55:35.045Z] [INFO] No saved sessions found
[2025-11-26T19:55:35.046Z] [INFO] Local server running on port 3000
[2025-11-26T19:55:36.130Z] [INFO] ngrok tunnel established at https://termoslack.ngrok.app
[2025-11-26T19:55:36.888Z] [INFO] Redirecting to Slack OAuth
[2025-11-26T19:55:53.591Z] [INFO] OAuth successful for user U082UPTRQU8
[2025-11-26T19:55:53.594Z] [INFO] OAuth callback received
[2025-11-26T19:55:53.594Z] [ERROR] OAuth success but missing required fields
[2025-11-26T19:55:58.605Z] [INFO] Auth server closed after successful authentication
[2025-11-26T19:58:21.546Z] [INFO] TermoSlack starting...
[2025-11-26T19:58:27.371Z] [INFO] Runtime directory: E:\TermoSlack\src
[2025-11-26T19:58:27.381Z] [INFO] No saved sessions found
[2025-11-26T19:58:27.384Z] [INFO] Local server running on port 3000
[2025-11-26T19:58:28.180Z] [ERROR] Failed to start ngrok tunnel
  Error: failed to start listener: The endpoint 'https://termoslack.ngrok.app' is already online. Either
1. stop your existing endpoint first, or
2. start both endpoints with `--pooling-enabled` to load balance between them. error_code: ERR_NGROK_334
  Stack: Error: failed to start listener: The endpoint 'https://termoslack.ngrok.app' is already online. Either
1. stop your existing endpoint first, or
2. start both endpoints with `--pooling-enabled` to load balance between them. error_code: ERR_NGROK_334
[2025-11-26T19:58:45.864Z] [INFO] TermoSlack starting...
[2025-11-26T19:58:45.865Z] [INFO] Runtime directory: E:\TermoSlack\src
[2025-11-26T19:58:45.871Z] [INFO] No saved sessions found
[2025-11-26T19:58:45.873Z] [INFO] Local server running on port 3000
[2025-11-26T19:58:46.770Z] [INFO] ngrok tunnel established at https://termoslack.ngrok.app
[2025-11-26T19:58:47.549Z] [INFO] Redirecting to Slack OAuth
[2025-11-26T19:58:55.067Z] [INFO] OAuth successful for user U082UPTRQU8
[2025-11-26T19:58:55.070Z] [INFO] OAuth callback received
[2025-11-26T19:58:55.070Z] [INFO] User authenticated: U082UPTRQU8 in workspace Hack Club
[2025-11-26T19:58:55.171Z] [INFO] Loading channels
[2025-11-26T19:58:55.843Z] [INFO] Found 296 DMs, showing top 25 recent
[2025-11-26T19:58:55.925Z] [INFO] Loaded 172 channels/DMs
[2025-11-26T19:58:55.952Z] [INFO] User authenticated and channels loaded
[2025-11-26T19:58:58.964Z] [INFO] DM user names loaded
[2025-11-26T19:59:00.179Z] [INFO] Auth server closed after successful authentication
[2025-11-26T20:41:15.540Z] [INFO] TermoSlack starting...
[2025-11-26T20:41:15.542Z] [INFO] Runtime directory: E:\TermoSlack\src
[2025-11-26T20:41:15.544Z] [INFO] Found 1 saved session(s)
[2025-11-26T20:41:15.546Z] [INFO] Attempting to restore session
[2025-11-26T20:41:15.699Z] [INFO] Loading channels
[2025-11-26T20:41:16.603Z] [INFO] Found 296 DMs, showing top 25 recent
[2025-11-26T20:41:16.660Z] [INFO] Loaded 172 channels/DMs
[2025-11-26T20:41:16.697Z] [INFO] Session restored and channels loaded
[2025-11-26T20:41:19.728Z] [INFO] DM user names loaded
[2025-11-26T20:41:32.216Z] [INFO] Loaded 20 messages from channel C08Q1H6D79B
[2025-11-26T20:41:32.271Z] [INFO] Switched to channel highway (C08Q1H6D79B)
[2025-11-26T20:41:34.945Z] [INFO] Downloading image: https://files.slack.com/files-pri/T09V59WQY1E-F09UCKN9BCP/download/image.png
[2025-11-26T20:41:38.797Z] [INFO] Cached image to: d4781a001fb9914d4251c2d93641e92e
