[2025-11-23T14:34:20.594Z] [INFO] TermoSlack starting...
[2025-11-23T14:34:20.600Z] [INFO] Runtime directory: E:\TermoSlack\src
[2025-11-23T14:35:24.011Z] [INFO] TermoSlack starting...
[2025-11-23T14:35:24.012Z] [INFO] Runtime directory: E:\TermoSlack\src
[2025-11-23T14:35:24.069Z] [INFO] Found 1 saved session(s)
[2025-11-23T14:35:24.070Z] [INFO] Attempting to restore session
[2025-11-23T14:35:24.530Z] [INFO] Session restored for user adhdhyan.jain
[2025-11-23T14:35:24.534Z] [INFO] Loading user channels
[2025-11-23T14:35:24.929Z] [INFO] Loaded 150 channels
[2025-11-23T14:35:24.936Z] [INFO] Starting RTM client
[2025-11-23T14:35:34.882Z] [INFO] TermoSlack starting...
[2025-11-23T14:35:34.883Z] [INFO] Runtime directory: E:\TermoSlack\src
[2025-11-23T14:35:34.941Z] [INFO] Found 1 saved session(s)
[2025-11-23T14:35:34.942Z] [INFO] Attempting to restore session
[2025-11-23T14:35:35.409Z] [INFO] Session restored for user adhdhyan.jain
[2025-11-23T14:35:35.412Z] [INFO] Loading user channels
[2025-11-23T14:35:35.804Z] [INFO] Loaded 150 channels
[2025-11-23T14:35:35.816Z] [INFO] Starting RTM client
[2025-11-23T14:36:00.829Z] [INFO] TermoSlack starting...
[2025-11-23T14:36:00.830Z] [INFO] Runtime directory: E:\TermoSlack\src
[2025-11-23T14:36:00.890Z] [INFO] Found 1 saved session(s)
[2025-11-23T14:36:00.891Z] [INFO] Attempting to restore session
[2025-11-23T14:36:01.310Z] [INFO] Session restored for user adhdhyan.jain
[2025-11-23T14:36:01.313Z] [INFO] Loading user channels
[2025-11-23T14:36:01.706Z] [INFO] Loaded 150 channels
[2025-11-23T14:36:01.712Z] [INFO] Starting RTM client
[2025-11-23T14:37:58.770Z] [INFO] TermoSlack starting...
[2025-11-23T14:37:58.771Z] [INFO] Runtime directory: E:\TermoSlack\src
[2025-11-23T14:37:58.837Z] [INFO] Found 1 saved session(s)
[2025-11-23T14:37:58.838Z] [INFO] Attempting to restore session
[2025-11-23T14:37:59.352Z] [INFO] Session restored for user adhdhyan.jain
[2025-11-23T14:37:59.355Z] [INFO] Loading user channels
[2025-11-23T14:37:59.778Z] [INFO] Loaded 150 channels
[2025-11-23T14:37:59.785Z] [INFO] Session restored, skipping RTM
[2025-11-23T14:38:19.074Z] [WARN] Message send attempted without channel selection
[2025-11-23T14:39:59.735Z] [INFO] TermoSlack starting...
[2025-11-23T14:39:59.736Z] [INFO] Runtime directory: E:\TermoSlack\src
[2025-11-23T14:39:59.804Z] [INFO] Found 1 saved session(s)
[2025-11-23T14:39:59.805Z] [INFO] Attempting to restore session
[2025-11-23T14:40:00.313Z] [INFO] Session restored for user adhdhyan.jain
[2025-11-23T14:40:00.316Z] [INFO] Loading user channels
[2025-11-23T14:40:00.696Z] [INFO] Loaded 149 channels
[2025-11-23T14:40:00.704Z] [INFO] Session restored, skipping RTM
[2025-11-23T14:40:20.043Z] [INFO] TermoSlack starting...
[2025-11-23T14:40:20.045Z] [INFO] Runtime directory: E:\TermoSlack\src
[2025-11-23T14:40:20.133Z] [INFO] Found 1 saved session(s)
[2025-11-23T14:40:20.134Z] [INFO] Attempting to restore session
[2025-11-23T14:40:20.675Z] [INFO] Session restored for user adhdhyan.jain
[2025-11-23T14:40:20.681Z] [INFO] Loading user channels
[2025-11-23T14:40:21.068Z] [INFO] Loaded 147 channels
[2025-11-23T14:40:21.077Z] [INFO] Session restored, skipping RTM
[2025-11-23T14:42:42.229Z] [INFO] TermoSlack starting...
[2025-11-23T14:42:42.230Z] [INFO] Runtime directory: E:\TermoSlack\src
[2025-11-23T14:42:42.308Z] [INFO] Found 1 saved session(s)
[2025-11-23T14:42:42.309Z] [INFO] Attempting to restore session
[2025-11-23T14:42:42.798Z] [INFO] Session restored for user adhdhyan.jain
[2025-11-23T14:42:42.801Z] [INFO] Loading user channels
[2025-11-23T14:42:43.183Z] [INFO] Loaded 147 channels
[2025-11-23T14:42:43.190Z] [INFO] Session restored, skipping RTM
[2025-11-23T14:42:57.053Z] [INFO] Message sent to channel C0799LEA75X
[2025-11-23T14:45:14.422Z] [INFO] Message sent to channel C0799LEA75X
[2025-11-23T14:46:33.960Z] [ERROR] Failed to send message to channel C0266FRGT
Error: An API error occurred: restricted_action
    at platformErrorFromResult (E:\TermoSlack\node_modules\@slack\web-api\dist\errors.js:67:33)
    at WebClient.<anonymous> (E:\TermoSlack\node_modules\@slack\web-api\dist\WebClient.js:242:60)
    at Generator.next (<anonymous>)
    at fulfilled (E:\TermoSlack\node_modules\@slack\web-api\dist\WebClient.js:38:58)
    at process.processTicksAndRejections (node:internal/process/task_queues:105:5)
[2025-11-23T14:46:55.840Z] [INFO] Message sent to channel C08KV16A0Q5
[2025-11-23T14:47:54.192Z] [INFO] Message sent to channel C08F58MT3GV
